 # Detector n:            1   Angulara3 
 # N. of x1 intervals         250
   0.000000      7.3303829E-04   1300.875       1.139688    
  7.3303829E-04  1.4660766E-03   1316.184      0.3569873    
  1.4660766E-03  2.1991148E-03   1302.653      0.2478503    
  2.1991148E-03  2.9321532E-03   1291.798      0.1351740    
  2.9321532E-03  3.6651916E-03   1278.689      7.3372699E-02
  3.6651916E-03  4.3982295E-03   1258.203      0.1561363    
  4.3982295E-03  5.1312679E-03   1234.628      0.1203540    
  5.1312679E-03  5.8643064E-03   1204.017      0.1653417    
  5.8643064E-03  6.5973448E-03   1173.974      7.1269594E-02
  6.5973448E-03  7.3303832E-03   1141.383      0.1497468    
  7.3303832E-03  8.0634216E-03   1105.483      5.5898454E-02
  8.0634216E-03  8.7964591E-03   1067.662      7.9829738E-02
  8.7964591E-03  9.5294975E-03   1027.521      8.2796447E-02
  9.5294975E-03  1.0262536E-02   985.4562      9.0583943E-02
  1.0262536E-02  1.0995574E-02   943.3111      9.0923935E-02
  1.0995574E-02  1.1728613E-02   901.4582      0.1240030    
  1.1728613E-02  1.2461651E-02   856.3559      0.1133847    
  1.2461651E-02  1.3194690E-02   813.0848      0.1318089    
  1.3194690E-02  1.3927728E-02   769.5821      7.2883740E-02
  1.3927728E-02  1.4660766E-02   724.2025      0.1182958    
  1.4660766E-02  1.5393804E-02   681.9736      0.1036320    
  1.5393804E-02  1.6126843E-02   639.1964      0.1020145    
  1.6126843E-02  1.6859882E-02   598.0589      6.1895490E-02
  1.6859882E-02  1.7592918E-02   559.1187      0.1144359    
  1.7592918E-02  1.8325957E-02   519.6525      0.1502008    
  1.8325957E-02  1.9058995E-02   481.8709      5.0232776E-02
  1.9058995E-02  1.9792033E-02   447.8565      9.5380336E-02
  1.9792033E-02  2.0525072E-02   412.8026      0.1066229    
  2.0525072E-02  2.1258110E-02   380.3640      9.6941128E-02
  2.1258110E-02  2.1991149E-02   349.1842      0.2656155    
  2.1991149E-02  2.2724187E-02   320.9222      0.1760953    
  2.2724187E-02  2.3457225E-02   293.9380      0.1590568    
  2.3457225E-02  2.4190264E-02   268.8572      0.1687076    
  2.4190264E-02  2.4923302E-02   244.7868      0.1471777    
  2.4923302E-02  2.5656341E-02   223.3594      7.8218341E-02
  2.5656341E-02  2.6389379E-02   203.3018      0.1848653    
  2.6389379E-02  2.7122417E-02   183.6830      0.1608842    
  2.7122417E-02  2.7855456E-02   166.6107      0.3010931    
  2.7855456E-02  2.8588494E-02   151.0790      0.2117772    
  2.8588494E-02  2.9321533E-02   136.5776      0.1869848    
  2.9321533E-02  3.0054569E-02   123.1850      0.2255902    
  3.0054569E-02  3.0787608E-02   111.1616      0.1265777    
  3.0787608E-02  3.1520646E-02   100.4118      0.1969701    
  3.1520646E-02  3.2253686E-02   90.75565      0.1926910    
  3.2253686E-02  3.2986723E-02   81.47980      0.1726322    
  3.2986723E-02  3.3719763E-02   73.30824      0.3292508    
  3.3719763E-02  3.4452800E-02   65.81630      0.1038336    
  3.4452800E-02  3.5185836E-02   59.28703      0.2482165    
  3.5185836E-02  3.5918877E-02   53.46449      0.2276377    
  3.5918877E-02  3.6651913E-02   47.93657      0.2903837    
  3.6651913E-02  3.7384953E-02   43.05713      0.2065799    
  3.7384953E-02  3.8117990E-02   38.73514      0.5001007    
  3.8117990E-02  3.8851030E-02   34.74027      0.4451058    
  3.8851030E-02  3.9584067E-02   31.30367      0.3408170    
  3.9584067E-02  4.0317107E-02   28.19974      0.2618621    
  4.0317107E-02  4.1050144E-02   25.50929      0.2837240    
  4.1050144E-02  4.1783184E-02   23.06820      0.4030482    
  4.1783184E-02  4.2516220E-02   20.73045      0.4200766    
  4.2516220E-02  4.3249261E-02   18.75042      0.3271744    
  4.3249261E-02  4.3982297E-02   17.07699      0.3291289    
  4.3982297E-02  4.4715337E-02   15.36428      0.4937748    
  4.4715337E-02  4.5448374E-02   13.90224      0.5253755    
  4.5448374E-02  4.6181414E-02   12.65713      0.6171232    
  4.6181414E-02  4.6914451E-02   11.53040      0.7233630    
  4.6914451E-02  4.7647487E-02   10.59740      0.6782420    
  4.7647487E-02  4.8380528E-02   9.711268      0.2973554    
  4.8380528E-02  4.9113564E-02   8.867010      0.3624228    
  4.9113564E-02  4.9846604E-02   8.105978      0.7101240    
  4.9846604E-02  5.0579641E-02   7.441195      0.3997185    
  5.0579641E-02  5.1312681E-02   6.878771      0.2804031    
  5.1312681E-02  5.2045718E-02   6.354689      0.9556757    
  5.2045718E-02  5.2778758E-02   5.701849      0.3871529    
  5.2778758E-02  5.3511795E-02   5.321591      0.5935982    
  5.3511795E-02  5.4244835E-02   4.968961      0.4682632    
  5.4244835E-02  5.4977871E-02   4.635119      0.8694308    
  5.4977871E-02  5.5710912E-02   4.267025      0.7849578    
  5.5710912E-02  5.6443948E-02   3.952870      0.3240837    
  5.6443948E-02  5.7176989E-02   3.665129      0.9140329    
  5.7176989E-02  5.7910025E-02   3.431905       1.044836    
  5.7910025E-02  5.8643065E-02   3.211528      0.7341453    
  5.8643065E-02  5.9376102E-02   3.066791      0.6676321    
  5.9376102E-02  6.0109138E-02   2.802642      0.9568275    
  6.0109138E-02  6.0842179E-02   2.642892      0.8361327    
  6.0842179E-02  6.1575215E-02   2.438358      0.6030070    
  6.1575215E-02  6.2308256E-02   2.342878      0.9261898    
  6.2308256E-02  6.3041292E-02   2.147189       1.985495    
  6.3041292E-02  6.3774332E-02   2.043279      0.4403521    
  6.3774332E-02  6.4507373E-02   1.972712      0.8862904    
  6.4507373E-02  6.5240405E-02   1.780942      0.9539325    
  6.5240405E-02  6.5973446E-02   1.710834      0.9240045    
  6.5973446E-02  6.6706486E-02   1.629424      0.1475782    
  6.6706486E-02  6.7439526E-02   1.541519       1.332507    
  6.7439526E-02  6.8172559E-02   1.460614      0.9615495    
  6.8172559E-02  6.8905599E-02   1.377212       1.143987    
  6.8905599E-02  6.9638640E-02   1.324806       1.804995    
  6.9638640E-02  7.0371673E-02   1.219000       1.211810    
  7.0371673E-02  7.1104713E-02   1.198518       1.214936    
  7.1104713E-02  7.1837753E-02   1.136585       1.869642    
  7.1837753E-02  7.2570793E-02   1.074944      0.7161697    
  7.2570793E-02  7.3303826E-02   1.008947      0.8464544    
  7.3303826E-02  7.4036866E-02  0.9854240       1.213856    
  7.4036866E-02  7.4769907E-02  0.9541749       1.683468    
  7.4769907E-02  7.5502947E-02  0.8854777       1.724093    
  7.5502947E-02  7.6235980E-02  0.8629971       1.336809    
  7.6235980E-02  7.6969020E-02  0.7858925       1.283166    
  7.6969020E-02  7.7702060E-02  0.7732964       1.357105    
  7.7702060E-02  7.8435101E-02  0.7336022       1.723560    
  7.8435101E-02  7.9168133E-02  0.6994676      0.8327619    
  7.9168133E-02  7.9901174E-02  0.6658976       2.047972    
  7.9901174E-02  8.0634214E-02  0.6282361       1.892469    
  8.0634214E-02  8.1367254E-02  0.6231474       1.493533    
  8.1367254E-02  8.2100287E-02  0.5873388      0.9560462    
  8.2100287E-02  8.2833327E-02  0.5697932       1.391823    
  8.2833327E-02  8.3566368E-02  0.5468743       1.410204    
  8.3566368E-02  8.4299400E-02  0.5385442      0.8157164    
  8.4299400E-02  8.5032441E-02  0.4789928       1.880607    
  8.5032441E-02  8.5765481E-02  0.4875905       1.512655    
  8.5765481E-02  8.6498521E-02  0.4673260       1.032609    
  8.6498521E-02  8.7231554E-02  0.4552018       1.218519    
  8.7231554E-02  8.7964594E-02  0.4212870       1.450502    
  8.7964594E-02  8.8697635E-02  0.4142337       1.004422    
  8.8697635E-02  8.9430675E-02  0.4093255       1.126677    
  8.9430675E-02  9.0163708E-02  0.3908367       1.562188    
  9.0163708E-02  9.0896748E-02  0.3703156       2.706590    
  9.0896748E-02  9.1629788E-02  0.3577880       3.028921    
  9.1629788E-02  9.2362829E-02  0.3408445       2.072078    
  9.2362829E-02  9.3095861E-02  0.3321507       1.210371    
  9.3095861E-02  9.3828902E-02  0.3243494       2.697232    
  9.3828902E-02  9.4561942E-02  0.3066674       3.592094    
  9.4561942E-02  9.5294975E-02  0.2966544       2.105259    
  9.5294975E-02  9.6028015E-02  0.2936105       3.380655    
  9.6028015E-02  9.6761055E-02  0.2733534       3.729709    
  9.6761055E-02  9.7494096E-02  0.2652393       2.824622    
  9.7494096E-02  9.8227128E-02  0.2604670       2.395880    
  9.8227128E-02  9.8960169E-02  0.2574746       2.063685    
  9.8960169E-02  9.9693209E-02  0.2410232       1.661719    
  9.9693209E-02  0.1004262      0.2421063       1.911342    
  0.1004262      0.1011593      0.2205730      0.9640476    
  0.1011593      0.1018923      0.2250942       1.550231    
  0.1018923      0.1026254      0.2206924       2.240031    
  0.1026254      0.1033584      0.2066527       2.045259    
  0.1033584      0.1040914      0.2101701       1.735599    
  0.1040914      0.1048245      0.2007360       3.248969    
  0.1048245      0.1055575      0.1938876       1.524080    
  0.1055575      0.1062905      0.1825739       2.886687    
  0.1062905      0.1070236      0.1742347       2.552505    
  0.1070236      0.1077566      0.1820644       4.385554    
  0.1077566      0.1084897      0.1711878       1.931294    
  0.1084897      0.1092227      0.1708754       2.382530    
  0.1092227      0.1099557      0.1646467       2.203597    
  0.1099557      0.1106888      0.1525993       1.924542    
  0.1106888      0.1114218      0.1537568       2.077873    
  0.1114218      0.1121549      0.1431860       4.703586    
  0.1121549      0.1128879      0.1425146       5.252452    
  0.1128879      0.1136209      0.1429519       2.284889    
  0.1136209      0.1143540      0.1330166       2.331150    
  0.1143540      0.1150870      0.1306021       4.227653    
  0.1150870      0.1158201      0.1323856       3.358124    
  0.1158201      0.1165531      0.1247893       3.588319    
  0.1165531      0.1172861      0.1189676       4.437785    
  0.1172861      0.1180192      0.1204165       5.332766    
  0.1180192      0.1187522      0.1132943       2.327695    
  0.1187522      0.1194852      0.1129749       2.913898    
  0.1194852      0.1202183      0.1087521       3.416543    
  0.1202183      0.1209513      0.1027235       4.345765    
  0.1209513      0.1216844      0.1069596       2.564199    
  0.1216844      0.1224174      0.1006258       1.817462    
  0.1224174      0.1231504      0.1006280       3.968441    
  0.1231504      0.1238835      9.7352587E-02   3.853765    
  0.1238835      0.1246165      8.8879280E-02   3.617288    
  0.1246165      0.1253496      8.9937627E-02   3.741846    
  0.1253496      0.1260826      9.1819458E-02   5.498915    
  0.1260826      0.1268156      8.7582067E-02   4.891127    
  0.1268156      0.1275487      8.7082595E-02   6.464438    
  0.1275487      0.1282817      8.1386499E-02   3.128039    
  0.1282817      0.1290147      7.9980634E-02   4.940346    
  0.1290147      0.1297478      8.3629221E-02   5.252305    
  0.1297478      0.1304808      7.5958289E-02   5.017184    
  0.1304808      0.1312139      7.2404265E-02   4.907516    
  0.1312139      0.1319469      7.6599717E-02   4.674340    
  0.1319469      0.1326799      7.3217735E-02   3.956125    
  0.1326799      0.1334130      7.3150061E-02   4.799992    
  0.1334130      0.1341460      6.8342276E-02   3.396003    
  0.1341460      0.1348791      6.6849582E-02   3.223005    
  0.1348791      0.1356121      6.4812526E-02   4.854504    
  0.1356121      0.1363451      6.4024776E-02   2.959219    
  0.1363451      0.1370782      6.4569928E-02   4.064358    
  0.1370782      0.1378112      6.3453130E-02   2.218245    
  0.1378112      0.1385442      6.1263107E-02   4.847222    
  0.1385442      0.1392773      5.9529752E-02   6.240420    
  0.1392773      0.1400103      5.8246993E-02   2.463131    
  0.1400103      0.1407433      5.7626959E-02   2.526203    
  0.1407433      0.1414764      5.9788417E-02   4.128899    
  0.1414764      0.1422094      5.3941932E-02   5.752722    
  0.1422094      0.1429425      5.0162312E-02   6.631455    
  0.1429425      0.1436755      5.4439042E-02   3.735984    
  0.1436755      0.1444085      4.9652606E-02   3.686088    
  0.1444085      0.1451416      4.6480767E-02   1.774975    
  0.1451416      0.1458746      4.7071144E-02   6.649315    
  0.1458746      0.1466077      5.0773215E-02   4.285892    
  0.1466077      0.1473407      3.9925557E-02   6.678051    
  0.1473407      0.1480737      4.8327409E-02   3.097667    
  0.1480737      0.1488068      4.4315938E-02   2.676237    
  0.1488068      0.1495398      4.3195728E-02   7.554749    
  0.1495398      0.1502728      4.3588404E-02   4.369137    
  0.1502728      0.1510059      4.1367684E-02   1.742031    
  0.1510059      0.1517389      4.4564467E-02   3.905267    
  0.1517389      0.1524720      3.9978798E-02   1.792243    
  0.1524720      0.1532050      3.7809920E-02   5.435741    
  0.1532050      0.1539380      3.3983782E-02   1.720218    
  0.1539380      0.1546711      3.6078777E-02   5.441868    
  0.1546711      0.1554041      3.9125789E-02   6.052910    
  0.1554041      0.1561372      3.4867067E-02   7.644356    
  0.1561372      0.1568702      3.3838697E-02   5.147916    
  0.1568702      0.1576032      3.2141868E-02   1.520891    
  0.1576032      0.1583363      3.0365193E-02   6.322091    
  0.1583363      0.1590693      3.5182964E-02   6.991464    
  0.1590693      0.1598023      3.2362260E-02   7.040627    
  0.1598023      0.1605354      3.1648558E-02   2.360519    
  0.1605354      0.1612684      3.3198405E-02   5.882065    
  0.1612684      0.1620015      3.1649206E-02   4.044860    
  0.1620015      0.1627345      3.2063726E-02   2.885452    
  0.1627345      0.1634675      3.0531259E-02   6.028355    
  0.1634675      0.1642006      3.0303936E-02   5.334106    
  0.1642006      0.1649336      2.8330436E-02   5.355444    
  0.1649336      0.1656667      2.9212942E-02   4.866979    
  0.1656667      0.1663997      2.8630044E-02   5.316969    
  0.1663997      0.1671327      2.7143637E-02   11.57944    
  0.1671327      0.1678658      2.4224451E-02   6.429557    
  0.1678658      0.1685988      2.8076727E-02   9.918133    
  0.1685988      0.1693318      2.5719086E-02   3.423362    
  0.1693318      0.1700649      2.7035063E-02   9.516627    
  0.1700649      0.1707979      2.3720888E-02   4.170360    
  0.1707979      0.1715310      2.5302147E-02   6.435227    
  0.1715310      0.1722640      2.3252308E-02   3.807674    
  0.1722640      0.1729970      2.2109641E-02   7.084618    
  0.1729970      0.1737301      2.3239261E-02   8.498363    
  0.1737301      0.1744631      2.3573950E-02   6.961689    
  0.1744631      0.1751962      2.2267949E-02   2.509047    
  0.1751962      0.1759292      2.3208313E-02   8.216152    
  0.1759292      0.1766622      1.9331379E-02   6.128766    
  0.1766622      0.1773953      2.0622393E-02   8.304752    
  0.1773953      0.1781283      1.9940710E-02   7.683082    
  0.1781283      0.1788613      1.9264771E-02   10.41467    
  0.1788613      0.1795944      1.9020069E-02   5.922626    
  0.1795944      0.1803274      1.9364048E-02   8.613539    
  0.1803274      0.1810605      1.7020714E-02   2.868733    
  0.1810605      0.1817935      2.0461112E-02   3.351436    
  0.1817935      0.1825265      1.8630229E-02   6.126288    
  0.1825265      0.1832596      1.9636655E-02   7.327780    
