 # Detector n:            1   energyo3  (integrated over solid angle)
 # N. of energy intervals         200
  0.000E+00  3.600E-04  9.506E-03  1.172E+01
  3.600E-04  7.200E-04  9.136E-03  1.793E+01
  7.200E-04  1.080E-03  7.654E-03  1.039E+01
  1.080E-03  1.440E-03  3.580E-03  2.140E+01
  1.440E-03  1.800E-03  2.840E-03  1.108E+01
  1.800E-03  2.160E-03  3.457E-03  1.923E+01
  2.160E-03  2.520E-03  3.210E-03  1.413E+01
  2.520E-03  2.880E-03  2.346E-03  2.930E+01
  2.880E-03  3.240E-03  2.346E-03  1.289E+01
  3.240E-03  3.600E-03  2.716E-03  1.364E+01
  3.600E-03  3.960E-03  3.333E-03  2.238E+01
  3.960E-03  4.320E-03  1.728E-03  2.369E+01
  4.320E-03  4.680E-03  1.975E-03  1.531E+01
  4.680E-03  5.040E-03  1.852E-03  3.162E+01
  5.040E-03  5.400E-03  2.346E-03  2.264E+01
  5.400E-03  5.760E-03  1.358E-03  1.701E+01
  5.760E-03  6.120E-03  1.728E-03  3.463E+01
  6.120E-03  6.480E-03  1.605E-03  3.960E+01
  6.480E-03  6.840E-03  1.481E-03  1.667E+01
  6.840E-03  7.200E-03  1.605E-03  1.538E+01
  7.200E-03  7.560E-03  1.235E-03  2.236E+01
  7.560E-03  7.920E-03  1.481E-03  2.125E+01
  7.920E-03  8.280E-03  1.728E-03  4.134E+01
  8.280E-03  8.640E-03  1.605E-03  3.125E+01
  8.640E-03  9.000E-03  2.469E-03  2.092E+01
  9.000E-03  9.360E-03  2.222E-03  2.257E+01
  9.360E-03  9.720E-03  1.358E-03  3.910E+01
  9.720E-03  1.008E-02  1.605E-03  2.609E+01
  1.008E-02  1.044E-02  1.235E-03  2.236E+01
  1.044E-02  1.080E-02  1.235E-03  2.739E+01
  1.080E-02  1.116E-02  1.111E-03  3.685E+01
  1.116E-02  1.152E-02  9.877E-04  5.449E+01
  1.152E-02  1.188E-02  4.938E-04  4.677E+01
  1.188E-02  1.224E-02  1.235E-03  3.536E+01
  1.224E-02  1.260E-02  4.938E-04  4.677E+01
  1.260E-02  1.296E-02  6.173E-04  5.477E+01
  1.296E-02  1.332E-02  7.407E-04  3.118E+01
  1.332E-02  1.368E-02  6.173E-04  3.162E+01
  1.368E-02  1.404E-02  7.407E-04  1.667E+01
  1.404E-02  1.440E-02  6.173E-04  3.162E+01
  1.440E-02  1.476E-02  2.469E-04  6.124E+01
  1.476E-02  1.512E-02  4.938E-04  4.677E+01
  1.512E-02  1.548E-02  3.704E-04  6.667E+01
  1.548E-02  1.584E-02  2.469E-04  6.124E+01
  1.584E-02  1.620E-02  2.469E-04  6.124E+01
  1.620E-02  1.656E-02  2.469E-04  6.124E+01
  1.656E-02  1.692E-02  0.000E+00  0.000E+00
  1.692E-02  1.728E-02  1.235E-04  9.900E+01
  1.728E-02  1.764E-02  2.469E-04  9.900E+01
  1.764E-02  1.800E-02  1.235E-04  9.900E+01
  1.800E-02  1.836E-02  1.235E-04  9.900E+01
  1.836E-02  1.872E-02  1.235E-04  9.900E+01
  1.872E-02  1.908E-02  0.000E+00  0.000E+00
  1.908E-02  1.944E-02  1.235E-04  9.900E+01
  1.944E-02  1.980E-02  0.000E+00  0.000E+00
  1.980E-02  2.016E-02  0.000E+00  0.000E+00
  2.016E-02  2.052E-02  0.000E+00  0.000E+00
  2.052E-02  2.088E-02  0.000E+00  0.000E+00
  2.088E-02  2.124E-02  0.000E+00  0.000E+00
  2.124E-02  2.160E-02  0.000E+00  0.000E+00
  2.160E-02  2.196E-02  0.000E+00  0.000E+00
  2.196E-02  2.232E-02  0.000E+00  0.000E+00
  2.232E-02  2.268E-02  0.000E+00  0.000E+00
  2.268E-02  2.304E-02  0.000E+00  0.000E+00
  2.304E-02  2.340E-02  0.000E+00  0.000E+00
  2.340E-02  2.376E-02  0.000E+00  0.000E+00
  2.376E-02  2.412E-02  0.000E+00  0.000E+00
  2.412E-02  2.448E-02  0.000E+00  0.000E+00
  2.448E-02  2.484E-02  0.000E+00  0.000E+00
  2.484E-02  2.520E-02  0.000E+00  0.000E+00
  2.520E-02  2.556E-02  0.000E+00  0.000E+00
  2.556E-02  2.592E-02  0.000E+00  0.000E+00
  2.592E-02  2.628E-02  0.000E+00  0.000E+00
  2.628E-02  2.664E-02  0.000E+00  0.000E+00
  2.664E-02  2.700E-02  0.000E+00  0.000E+00
  2.700E-02  2.736E-02  0.000E+00  0.000E+00
  2.736E-02  2.772E-02  0.000E+00  0.000E+00
  2.772E-02  2.808E-02  0.000E+00  0.000E+00
  2.808E-02  2.844E-02  0.000E+00  0.000E+00
  2.844E-02  2.880E-02  0.000E+00  0.000E+00
  2.880E-02  2.916E-02  0.000E+00  0.000E+00
  2.916E-02  2.952E-02  0.000E+00  0.000E+00
  2.952E-02  2.988E-02  1.235E-04  9.900E+01
  2.988E-02  3.024E-02  2.469E-04  6.124E+01
  3.024E-02  3.060E-02  4.938E-04  4.677E+01
  3.060E-02  3.096E-02  7.407E-04  4.859E+01
  3.096E-02  3.132E-02  9.877E-04  2.500E+01
  3.132E-02  3.168E-02  1.728E-03  3.813E+01
  3.168E-02  3.204E-02  3.704E-03  2.041E+01
  3.204E-02  3.240E-02  4.691E-03  1.695E+01
  3.240E-02  3.276E-02  4.074E-03  1.231E+01
  3.276E-02  3.312E-02  4.568E-03  2.032E+01
  3.312E-02  3.348E-02  7.654E-03  1.500E+01
  3.348E-02  3.384E-02  1.062E-02  1.509E+01
  3.384E-02  3.420E-02  1.506E-02  7.400E+00
  3.420E-02  3.456E-02  1.951E-02  9.420E+00
  3.456E-02  3.492E-02  2.444E-02  2.835E+00
  3.492E-02  3.528E-02  3.383E-02  7.376E+00
  3.528E-02  3.564E-02  4.593E-02  6.035E+00
  3.564E-02  3.600E-02  6.815E-02  4.302E+00
  3.600E-02  3.636E-02  1.165E-01  2.708E+00
  3.636E-02  3.672E-02  1.928E-01  1.580E+00
  3.672E-02  3.708E-02  1.932E+00  3.271E-01
  3.708E-02  3.744E-02  1.053E+02  1.029E-01
  3.744E-02  3.780E-02  9.956E+02  2.593E-02
  3.780E-02  3.816E-02  1.388E+03  2.384E-02
  3.816E-02  3.852E-02  2.778E+02  7.320E-02
  3.852E-02  3.888E-02  6.836E+00  3.158E-01
  3.888E-02  3.924E-02  1.654E-02  1.176E+01
  3.924E-02  3.960E-02  0.000E+00  0.000E+00
  3.960E-02  3.996E-02  0.000E+00  0.000E+00
  3.996E-02  4.032E-02  0.000E+00  0.000E+00
  4.032E-02  4.068E-02  0.000E+00  0.000E+00
  4.068E-02  4.104E-02  0.000E+00  0.000E+00
  4.104E-02  4.140E-02  0.000E+00  0.000E+00
  4.140E-02  4.176E-02  0.000E+00  0.000E+00
  4.176E-02  4.212E-02  0.000E+00  0.000E+00
  4.212E-02  4.248E-02  0.000E+00  0.000E+00
  4.248E-02  4.284E-02  0.000E+00  0.000E+00
  4.284E-02  4.320E-02  0.000E+00  0.000E+00
  4.320E-02  4.356E-02  0.000E+00  0.000E+00
  4.356E-02  4.392E-02  0.000E+00  0.000E+00
  4.392E-02  4.428E-02  0.000E+00  0.000E+00
  4.428E-02  4.464E-02  0.000E+00  0.000E+00
  4.464E-02  4.500E-02  0.000E+00  0.000E+00
  4.500E-02  4.536E-02  0.000E+00  0.000E+00
  4.536E-02  4.572E-02  0.000E+00  0.000E+00
  4.572E-02  4.608E-02  0.000E+00  0.000E+00
  4.608E-02  4.644E-02  0.000E+00  0.000E+00
  4.644E-02  4.680E-02  0.000E+00  0.000E+00
  4.680E-02  4.716E-02  0.000E+00  0.000E+00
  4.716E-02  4.752E-02  0.000E+00  0.000E+00
  4.752E-02  4.788E-02  0.000E+00  0.000E+00
  4.788E-02  4.824E-02  0.000E+00  0.000E+00
  4.824E-02  4.860E-02  0.000E+00  0.000E+00
  4.860E-02  4.896E-02  0.000E+00  0.000E+00
  4.896E-02  4.932E-02  0.000E+00  0.000E+00
  4.932E-02  4.968E-02  0.000E+00  0.000E+00
  4.968E-02  5.004E-02  0.000E+00  0.000E+00
  5.004E-02  5.040E-02  0.000E+00  0.000E+00
  5.040E-02  5.076E-02  0.000E+00  0.000E+00
  5.076E-02  5.112E-02  0.000E+00  0.000E+00
  5.112E-02  5.148E-02  0.000E+00  0.000E+00
  5.148E-02  5.184E-02  0.000E+00  0.000E+00
  5.184E-02  5.220E-02  0.000E+00  0.000E+00
  5.220E-02  5.256E-02  0.000E+00  0.000E+00
  5.256E-02  5.292E-02  0.000E+00  0.000E+00
  5.292E-02  5.328E-02  0.000E+00  0.000E+00
  5.328E-02  5.364E-02  0.000E+00  0.000E+00
  5.364E-02  5.400E-02  0.000E+00  0.000E+00
  5.400E-02  5.436E-02  0.000E+00  0.000E+00
  5.436E-02  5.472E-02  0.000E+00  0.000E+00
  5.472E-02  5.508E-02  0.000E+00  0.000E+00
  5.508E-02  5.544E-02  0.000E+00  0.000E+00
  5.544E-02  5.580E-02  0.000E+00  0.000E+00
  5.580E-02  5.616E-02  0.000E+00  0.000E+00
  5.616E-02  5.652E-02  0.000E+00  0.000E+00
  5.652E-02  5.688E-02  0.000E+00  0.000E+00
  5.688E-02  5.724E-02  0.000E+00  0.000E+00
  5.724E-02  5.760E-02  0.000E+00  0.000E+00
  5.760E-02  5.796E-02  0.000E+00  0.000E+00
  5.796E-02  5.832E-02  0.000E+00  0.000E+00
  5.832E-02  5.868E-02  0.000E+00  0.000E+00
  5.868E-02  5.904E-02  0.000E+00  0.000E+00
  5.904E-02  5.940E-02  0.000E+00  0.000E+00
  5.940E-02  5.976E-02  0.000E+00  0.000E+00
  5.976E-02  6.012E-02  0.000E+00  0.000E+00
  6.012E-02  6.048E-02  0.000E+00  0.000E+00
  6.048E-02  6.084E-02  0.000E+00  0.000E+00
  6.084E-02  6.120E-02  0.000E+00  0.000E+00
  6.120E-02  6.156E-02  0.000E+00  0.000E+00
  6.156E-02  6.192E-02  0.000E+00  0.000E+00
  6.192E-02  6.228E-02  0.000E+00  0.000E+00
  6.228E-02  6.264E-02  0.000E+00  0.000E+00
  6.264E-02  6.300E-02  0.000E+00  0.000E+00
  6.300E-02  6.336E-02  0.000E+00  0.000E+00
  6.336E-02  6.372E-02  0.000E+00  0.000E+00
  6.372E-02  6.408E-02  0.000E+00  0.000E+00
  6.408E-02  6.444E-02  0.000E+00  0.000E+00
  6.444E-02  6.480E-02  0.000E+00  0.000E+00
  6.480E-02  6.516E-02  0.000E+00  0.000E+00
  6.516E-02  6.552E-02  0.000E+00  0.000E+00
  6.552E-02  6.588E-02  0.000E+00  0.000E+00
  6.588E-02  6.624E-02  0.000E+00  0.000E+00
  6.624E-02  6.660E-02  0.000E+00  0.000E+00
  6.660E-02  6.696E-02  0.000E+00  0.000E+00
  6.696E-02  6.732E-02  0.000E+00  0.000E+00
  6.732E-02  6.768E-02  0.000E+00  0.000E+00
  6.768E-02  6.804E-02  0.000E+00  0.000E+00
  6.804E-02  6.840E-02  0.000E+00  0.000E+00
  6.840E-02  6.876E-02  0.000E+00  0.000E+00
  6.876E-02  6.912E-02  0.000E+00  0.000E+00
  6.912E-02  6.948E-02  0.000E+00  0.000E+00
  6.948E-02  6.984E-02  0.000E+00  0.000E+00
  6.984E-02  7.020E-02  0.000E+00  0.000E+00
  7.020E-02  7.056E-02  0.000E+00  0.000E+00
  7.056E-02  7.092E-02  0.000E+00  0.000E+00
  7.092E-02  7.128E-02  0.000E+00  0.000E+00
  7.128E-02  7.164E-02  0.000E+00  0.000E+00
  7.164E-02  7.200E-02  0.000E+00  0.000E+00


 # double differential distributions
 # number of solid angle intervals           1
 # Block n:            1     0.00000000      :   1.00000000    
  0.000E+00  3.600E-04  9.506E-03  1.172E+01  0.000E+00  1.000E+00
  3.600E-04  7.200E-04  9.136E-03  1.793E+01  0.000E+00  1.000E+00
  7.200E-04  1.080E-03  7.654E-03  1.039E+01  0.000E+00  1.000E+00
  1.080E-03  1.440E-03  3.580E-03  2.140E+01  0.000E+00  1.000E+00
  1.440E-03  1.800E-03  2.840E-03  1.108E+01  0.000E+00  1.000E+00
  1.800E-03  2.160E-03  3.457E-03  1.923E+01  0.000E+00  1.000E+00
  2.160E-03  2.520E-03  3.210E-03  1.413E+01  0.000E+00  1.000E+00
  2.520E-03  2.880E-03  2.346E-03  2.930E+01  0.000E+00  1.000E+00
  2.880E-03  3.240E-03  2.346E-03  1.289E+01  0.000E+00  1.000E+00
  3.240E-03  3.600E-03  2.716E-03  1.364E+01  0.000E+00  1.000E+00
  3.600E-03  3.960E-03  3.333E-03  2.238E+01  0.000E+00  1.000E+00
  3.960E-03  4.320E-03  1.728E-03  2.369E+01  0.000E+00  1.000E+00
  4.320E-03  4.680E-03  1.975E-03  1.531E+01  0.000E+00  1.000E+00
  4.680E-03  5.040E-03  1.852E-03  3.162E+01  0.000E+00  1.000E+00
  5.040E-03  5.400E-03  2.346E-03  2.264E+01  0.000E+00  1.000E+00
  5.400E-03  5.760E-03  1.358E-03  1.701E+01  0.000E+00  1.000E+00
  5.760E-03  6.120E-03  1.728E-03  3.463E+01  0.000E+00  1.000E+00
  6.120E-03  6.480E-03  1.605E-03  3.960E+01  0.000E+00  1.000E+00
  6.480E-03  6.840E-03  1.481E-03  1.667E+01  0.000E+00  1.000E+00
  6.840E-03  7.200E-03  1.605E-03  1.538E+01  0.000E+00  1.000E+00
  7.200E-03  7.560E-03  1.235E-03  2.236E+01  0.000E+00  1.000E+00
  7.560E-03  7.920E-03  1.481E-03  2.125E+01  0.000E+00  1.000E+00
  7.920E-03  8.280E-03  1.728E-03  4.134E+01  0.000E+00  1.000E+00
  8.280E-03  8.640E-03  1.605E-03  3.125E+01  0.000E+00  1.000E+00
  8.640E-03  9.000E-03  2.469E-03  2.092E+01  0.000E+00  1.000E+00
  9.000E-03  9.360E-03  2.222E-03  2.257E+01  0.000E+00  1.000E+00
  9.360E-03  9.720E-03  1.358E-03  3.910E+01  0.000E+00  1.000E+00
  9.720E-03  1.008E-02  1.605E-03  2.609E+01  0.000E+00  1.000E+00
  1.008E-02  1.044E-02  1.235E-03  2.236E+01  0.000E+00  1.000E+00
  1.044E-02  1.080E-02  1.235E-03  2.739E+01  0.000E+00  1.000E+00
  1.080E-02  1.116E-02  1.111E-03  3.685E+01  0.000E+00  1.000E+00
  1.116E-02  1.152E-02  9.877E-04  5.449E+01  0.000E+00  1.000E+00
  1.152E-02  1.188E-02  4.938E-04  4.677E+01  0.000E+00  1.000E+00
  1.188E-02  1.224E-02  1.235E-03  3.536E+01  0.000E+00  1.000E+00
  1.224E-02  1.260E-02  4.938E-04  4.677E+01  0.000E+00  1.000E+00
  1.260E-02  1.296E-02  6.173E-04  5.477E+01  0.000E+00  1.000E+00
  1.296E-02  1.332E-02  7.407E-04  3.118E+01  0.000E+00  1.000E+00
  1.332E-02  1.368E-02  6.173E-04  3.162E+01  0.000E+00  1.000E+00
  1.368E-02  1.404E-02  7.407E-04  1.667E+01  0.000E+00  1.000E+00
  1.404E-02  1.440E-02  6.173E-04  3.162E+01  0.000E+00  1.000E+00
  1.440E-02  1.476E-02  2.469E-04  6.124E+01  0.000E+00  1.000E+00
  1.476E-02  1.512E-02  4.938E-04  4.677E+01  0.000E+00  1.000E+00
  1.512E-02  1.548E-02  3.704E-04  6.667E+01  0.000E+00  1.000E+00
  1.548E-02  1.584E-02  2.469E-04  6.124E+01  0.000E+00  1.000E+00
  1.584E-02  1.620E-02  2.469E-04  6.124E+01  0.000E+00  1.000E+00
  1.620E-02  1.656E-02  2.469E-04  6.124E+01  0.000E+00  1.000E+00
  1.656E-02  1.692E-02  0.000E+00  0.000E+00  0.000E+00  1.000E+00
  1.692E-02  1.728E-02  1.235E-04  9.900E+01  0.000E+00  1.000E+00
  1.728E-02  1.764E-02  2.469E-04  9.900E+01  0.000E+00  1.000E+00
  1.764E-02  1.800E-02  1.235E-04  9.900E+01  0.000E+00  1.000E+00
  1.800E-02  1.836E-02  1.235E-04  9.900E+01  0.000E+00  1.000E+00
  1.836E-02  1.872E-02  1.235E-04  9.900E+01  0.000E+00  1.000E+00
  1.872E-02  1.908E-02  0.000E+00  0.000E+00  0.000E+00  1.000E+00
  1.908E-02  1.944E-02  1.235E-04  9.900E+01  0.000E+00  1.000E+00
  1.944E-02  1.980E-02  0.000E+00  0.000E+00  0.000E+00  1.000E+00
  1.980E-02  2.016E-02  0.000E+00  0.000E+00  0.000E+00  1.000E+00
  2.016E-02  2.052E-02  0.000E+00  0.000E+00  0.000E+00  1.000E+00
  2.052E-02  2.088E-02  0.000E+00  0.000E+00  0.000E+00  1.000E+00
  2.088E-02  2.124E-02  0.000E+00  0.000E+00  0.000E+00  1.000E+00
  2.124E-02  2.160E-02  0.000E+00  0.000E+00  0.000E+00  1.000E+00
  2.160E-02  2.196E-02  0.000E+00  0.000E+00  0.000E+00  1.000E+00
  2.196E-02  2.232E-02  0.000E+00  0.000E+00  0.000E+00  1.000E+00
  2.232E-02  2.268E-02  0.000E+00  0.000E+00  0.000E+00  1.000E+00
  2.268E-02  2.304E-02  0.000E+00  0.000E+00  0.000E+00  1.000E+00
  2.304E-02  2.340E-02  0.000E+00  0.000E+00  0.000E+00  1.000E+00
  2.340E-02  2.376E-02  0.000E+00  0.000E+00  0.000E+00  1.000E+00
  2.376E-02  2.412E-02  0.000E+00  0.000E+00  0.000E+00  1.000E+00
  2.412E-02  2.448E-02  0.000E+00  0.000E+00  0.000E+00  1.000E+00
  2.448E-02  2.484E-02  0.000E+00  0.000E+00  0.000E+00  1.000E+00
  2.484E-02  2.520E-02  0.000E+00  0.000E+00  0.000E+00  1.000E+00
  2.520E-02  2.556E-02  0.000E+00  0.000E+00  0.000E+00  1.000E+00
  2.556E-02  2.592E-02  0.000E+00  0.000E+00  0.000E+00  1.000E+00
  2.592E-02  2.628E-02  0.000E+00  0.000E+00  0.000E+00  1.000E+00
  2.628E-02  2.664E-02  0.000E+00  0.000E+00  0.000E+00  1.000E+00
  2.664E-02  2.700E-02  0.000E+00  0.000E+00  0.000E+00  1.000E+00
  2.700E-02  2.736E-02  0.000E+00  0.000E+00  0.000E+00  1.000E+00
  2.736E-02  2.772E-02  0.000E+00  0.000E+00  0.000E+00  1.000E+00
  2.772E-02  2.808E-02  0.000E+00  0.000E+00  0.000E+00  1.000E+00
  2.808E-02  2.844E-02  0.000E+00  0.000E+00  0.000E+00  1.000E+00
  2.844E-02  2.880E-02  0.000E+00  0.000E+00  0.000E+00  1.000E+00
  2.880E-02  2.916E-02  0.000E+00  0.000E+00  0.000E+00  1.000E+00
  2.916E-02  2.952E-02  0.000E+00  0.000E+00  0.000E+00  1.000E+00
  2.952E-02  2.988E-02  1.235E-04  9.900E+01  0.000E+00  1.000E+00
  2.988E-02  3.024E-02  2.469E-04  6.124E+01  0.000E+00  1.000E+00
  3.024E-02  3.060E-02  4.938E-04  4.677E+01  0.000E+00  1.000E+00
  3.060E-02  3.096E-02  7.407E-04  4.859E+01  0.000E+00  1.000E+00
  3.096E-02  3.132E-02  9.877E-04  2.500E+01  0.000E+00  1.000E+00
  3.132E-02  3.168E-02  1.728E-03  3.813E+01  0.000E+00  1.000E+00
  3.168E-02  3.204E-02  3.704E-03  2.041E+01  0.000E+00  1.000E+00
  3.204E-02  3.240E-02  4.691E-03  1.695E+01  0.000E+00  1.000E+00
  3.240E-02  3.276E-02  4.074E-03  1.231E+01  0.000E+00  1.000E+00
  3.276E-02  3.312E-02  4.568E-03  2.032E+01  0.000E+00  1.000E+00
  3.312E-02  3.348E-02  7.654E-03  1.500E+01  0.000E+00  1.000E+00
  3.348E-02  3.384E-02  1.062E-02  1.509E+01  0.000E+00  1.000E+00
  3.384E-02  3.420E-02  1.506E-02  7.400E+00  0.000E+00  1.000E+00
  3.420E-02  3.456E-02  1.951E-02  9.420E+00  0.000E+00  1.000E+00
  3.456E-02  3.492E-02  2.444E-02  2.835E+00  0.000E+00  1.000E+00
  3.492E-02  3.528E-02  3.383E-02  7.376E+00  0.000E+00  1.000E+00
  3.528E-02  3.564E-02  4.593E-02  6.035E+00  0.000E+00  1.000E+00
  3.564E-02  3.600E-02  6.815E-02  4.302E+00  0.000E+00  1.000E+00
  3.600E-02  3.636E-02  1.165E-01  2.708E+00  0.000E+00  1.000E+00
  3.636E-02  3.672E-02  1.928E-01  1.580E+00  0.000E+00  1.000E+00
  3.672E-02  3.708E-02  1.932E+00  3.271E-01  0.000E+00  1.000E+00
  3.708E-02  3.744E-02  1.053E+02  1.029E-01  0.000E+00  1.000E+00
  3.744E-02  3.780E-02  9.956E+02  2.593E-02  0.000E+00  1.000E+00
  3.780E-02  3.816E-02  1.388E+03  2.384E-02  0.000E+00  1.000E+00
  3.816E-02  3.852E-02  2.778E+02  7.320E-02  0.000E+00  1.000E+00
  3.852E-02  3.888E-02  6.836E+00  3.158E-01  0.000E+00  1.000E+00
  3.888E-02  3.924E-02  1.654E-02  1.176E+01  0.000E+00  1.000E+00
  3.924E-02  3.960E-02  0.000E+00  0.000E+00  0.000E+00  1.000E+00
  3.960E-02  3.996E-02  0.000E+00  0.000E+00  0.000E+00  1.000E+00
  3.996E-02  4.032E-02  0.000E+00  0.000E+00  0.000E+00  1.000E+00
  4.032E-02  4.068E-02  0.000E+00  0.000E+00  0.000E+00  1.000E+00
  4.068E-02  4.104E-02  0.000E+00  0.000E+00  0.000E+00  1.000E+00
  4.104E-02  4.140E-02  0.000E+00  0.000E+00  0.000E+00  1.000E+00
  4.140E-02  4.176E-02  0.000E+00  0.000E+00  0.000E+00  1.000E+00
  4.176E-02  4.212E-02  0.000E+00  0.000E+00  0.000E+00  1.000E+00
  4.212E-02  4.248E-02  0.000E+00  0.000E+00  0.000E+00  1.000E+00
  4.248E-02  4.284E-02  0.000E+00  0.000E+00  0.000E+00  1.000E+00
  4.284E-02  4.320E-02  0.000E+00  0.000E+00  0.000E+00  1.000E+00
  4.320E-02  4.356E-02  0.000E+00  0.000E+00  0.000E+00  1.000E+00
  4.356E-02  4.392E-02  0.000E+00  0.000E+00  0.000E+00  1.000E+00
  4.392E-02  4.428E-02  0.000E+00  0.000E+00  0.000E+00  1.000E+00
  4.428E-02  4.464E-02  0.000E+00  0.000E+00  0.000E+00  1.000E+00
  4.464E-02  4.500E-02  0.000E+00  0.000E+00  0.000E+00  1.000E+00
  4.500E-02  4.536E-02  0.000E+00  0.000E+00  0.000E+00  1.000E+00
  4.536E-02  4.572E-02  0.000E+00  0.000E+00  0.000E+00  1.000E+00
  4.572E-02  4.608E-02  0.000E+00  0.000E+00  0.000E+00  1.000E+00
  4.608E-02  4.644E-02  0.000E+00  0.000E+00  0.000E+00  1.000E+00
  4.644E-02  4.680E-02  0.000E+00  0.000E+00  0.000E+00  1.000E+00
  4.680E-02  4.716E-02  0.000E+00  0.000E+00  0.000E+00  1.000E+00
  4.716E-02  4.752E-02  0.000E+00  0.000E+00  0.000E+00  1.000E+00
  4.752E-02  4.788E-02  0.000E+00  0.000E+00  0.000E+00  1.000E+00
  4.788E-02  4.824E-02  0.000E+00  0.000E+00  0.000E+00  1.000E+00
  4.824E-02  4.860E-02  0.000E+00  0.000E+00  0.000E+00  1.000E+00
  4.860E-02  4.896E-02  0.000E+00  0.000E+00  0.000E+00  1.000E+00
  4.896E-02  4.932E-02  0.000E+00  0.000E+00  0.000E+00  1.000E+00
  4.932E-02  4.968E-02  0.000E+00  0.000E+00  0.000E+00  1.000E+00
  4.968E-02  5.004E-02  0.000E+00  0.000E+00  0.000E+00  1.000E+00
  5.004E-02  5.040E-02  0.000E+00  0.000E+00  0.000E+00  1.000E+00
  5.040E-02  5.076E-02  0.000E+00  0.000E+00  0.000E+00  1.000E+00
  5.076E-02  5.112E-02  0.000E+00  0.000E+00  0.000E+00  1.000E+00
  5.112E-02  5.148E-02  0.000E+00  0.000E+00  0.000E+00  1.000E+00
  5.148E-02  5.184E-02  0.000E+00  0.000E+00  0.000E+00  1.000E+00
  5.184E-02  5.220E-02  0.000E+00  0.000E+00  0.000E+00  1.000E+00
  5.220E-02  5.256E-02  0.000E+00  0.000E+00  0.000E+00  1.000E+00
  5.256E-02  5.292E-02  0.000E+00  0.000E+00  0.000E+00  1.000E+00
  5.292E-02  5.328E-02  0.000E+00  0.000E+00  0.000E+00  1.000E+00
  5.328E-02  5.364E-02  0.000E+00  0.000E+00  0.000E+00  1.000E+00
  5.364E-02  5.400E-02  0.000E+00  0.000E+00  0.000E+00  1.000E+00
  5.400E-02  5.436E-02  0.000E+00  0.000E+00  0.000E+00  1.000E+00
  5.436E-02  5.472E-02  0.000E+00  0.000E+00  0.000E+00  1.000E+00
  5.472E-02  5.508E-02  0.000E+00  0.000E+00  0.000E+00  1.000E+00
  5.508E-02  5.544E-02  0.000E+00  0.000E+00  0.000E+00  1.000E+00
  5.544E-02  5.580E-02  0.000E+00  0.000E+00  0.000E+00  1.000E+00
  5.580E-02  5.616E-02  0.000E+00  0.000E+00  0.000E+00  1.000E+00
  5.616E-02  5.652E-02  0.000E+00  0.000E+00  0.000E+00  1.000E+00
  5.652E-02  5.688E-02  0.000E+00  0.000E+00  0.000E+00  1.000E+00
  5.688E-02  5.724E-02  0.000E+00  0.000E+00  0.000E+00  1.000E+00
  5.724E-02  5.760E-02  0.000E+00  0.000E+00  0.000E+00  1.000E+00
  5.760E-02  5.796E-02  0.000E+00  0.000E+00  0.000E+00  1.000E+00
  5.796E-02  5.832E-02  0.000E+00  0.000E+00  0.000E+00  1.000E+00
  5.832E-02  5.868E-02  0.000E+00  0.000E+00  0.000E+00  1.000E+00
  5.868E-02  5.904E-02  0.000E+00  0.000E+00  0.000E+00  1.000E+00
  5.904E-02  5.940E-02  0.000E+00  0.000E+00  0.000E+00  1.000E+00
  5.940E-02  5.976E-02  0.000E+00  0.000E+00  0.000E+00  1.000E+00
  5.976E-02  6.012E-02  0.000E+00  0.000E+00  0.000E+00  1.000E+00
  6.012E-02  6.048E-02  0.000E+00  0.000E+00  0.000E+00  1.000E+00
  6.048E-02  6.084E-02  0.000E+00  0.000E+00  0.000E+00  1.000E+00
  6.084E-02  6.120E-02  0.000E+00  0.000E+00  0.000E+00  1.000E+00
  6.120E-02  6.156E-02  0.000E+00  0.000E+00  0.000E+00  1.000E+00
  6.156E-02  6.192E-02  0.000E+00  0.000E+00  0.000E+00  1.000E+00
  6.192E-02  6.228E-02  0.000E+00  0.000E+00  0.000E+00  1.000E+00
  6.228E-02  6.264E-02  0.000E+00  0.000E+00  0.000E+00  1.000E+00
  6.264E-02  6.300E-02  0.000E+00  0.000E+00  0.000E+00  1.000E+00
  6.300E-02  6.336E-02  0.000E+00  0.000E+00  0.000E+00  1.000E+00
  6.336E-02  6.372E-02  0.000E+00  0.000E+00  0.000E+00  1.000E+00
  6.372E-02  6.408E-02  0.000E+00  0.000E+00  0.000E+00  1.000E+00
  6.408E-02  6.444E-02  0.000E+00  0.000E+00  0.000E+00  1.000E+00
  6.444E-02  6.480E-02  0.000E+00  0.000E+00  0.000E+00  1.000E+00
  6.480E-02  6.516E-02  0.000E+00  0.000E+00  0.000E+00  1.000E+00
  6.516E-02  6.552E-02  0.000E+00  0.000E+00  0.000E+00  1.000E+00
  6.552E-02  6.588E-02  0.000E+00  0.000E+00  0.000E+00  1.000E+00
  6.588E-02  6.624E-02  0.000E+00  0.000E+00  0.000E+00  1.000E+00
  6.624E-02  6.660E-02  0.000E+00  0.000E+00  0.000E+00  1.000E+00
  6.660E-02  6.696E-02  0.000E+00  0.000E+00  0.000E+00  1.000E+00
  6.696E-02  6.732E-02  0.000E+00  0.000E+00  0.000E+00  1.000E+00
  6.732E-02  6.768E-02  0.000E+00  0.000E+00  0.000E+00  1.000E+00
  6.768E-02  6.804E-02  0.000E+00  0.000E+00  0.000E+00  1.000E+00
  6.804E-02  6.840E-02  0.000E+00  0.000E+00  0.000E+00  1.000E+00
  6.840E-02  6.876E-02  0.000E+00  0.000E+00  0.000E+00  1.000E+00
  6.876E-02  6.912E-02  0.000E+00  0.000E+00  0.000E+00  1.000E+00
  6.912E-02  6.948E-02  0.000E+00  0.000E+00  0.000E+00  1.000E+00
  6.948E-02  6.984E-02  0.000E+00  0.000E+00  0.000E+00  1.000E+00
  6.984E-02  7.020E-02  0.000E+00  0.000E+00  0.000E+00  1.000E+00
  7.020E-02  7.056E-02  0.000E+00  0.000E+00  0.000E+00  1.000E+00
  7.056E-02  7.092E-02  0.000E+00  0.000E+00  0.000E+00  1.000E+00
  7.092E-02  7.128E-02  0.000E+00  0.000E+00  0.000E+00  1.000E+00
  7.128E-02  7.164E-02  0.000E+00  0.000E+00  0.000E+00  1.000E+00
  7.164E-02  7.200E-02  0.000E+00  0.000E+00  0.000E+00  1.000E+00
  7.200E-02  7.200E-02  0.000E+00  0.000E+00  0.000E+00  1.000E+00

  0.000E+00  0.000E+00  0.000E+00  0.000E+00  1.000E+00  1.000E+00
  3.600E-04  3.600E-04  0.000E+00  0.000E+00  1.000E+00  1.000E+00
  7.200E-04  7.200E-04  0.000E+00  0.000E+00  1.000E+00  1.000E+00
  1.080E-03  1.080E-03  0.000E+00  0.000E+00  1.000E+00  1.000E+00
  1.440E-03  1.440E-03  0.000E+00  0.000E+00  1.000E+00  1.000E+00
  1.800E-03  1.800E-03  0.000E+00  0.000E+00  1.000E+00  1.000E+00
  2.160E-03  2.160E-03  0.000E+00  0.000E+00  1.000E+00  1.000E+00
  2.520E-03  2.520E-03  0.000E+00  0.000E+00  1.000E+00  1.000E+00
  2.880E-03  2.880E-03  0.000E+00  0.000E+00  1.000E+00  1.000E+00
  3.240E-03  3.240E-03  0.000E+00  0.000E+00  1.000E+00  1.000E+00
  3.600E-03  3.600E-03  0.000E+00  0.000E+00  1.000E+00  1.000E+00
  3.960E-03  3.960E-03  0.000E+00  0.000E+00  1.000E+00  1.000E+00
  4.320E-03  4.320E-03  0.000E+00  0.000E+00  1.000E+00  1.000E+00
  4.680E-03  4.680E-03  0.000E+00  0.000E+00  1.000E+00  1.000E+00
  5.040E-03  5.040E-03  0.000E+00  0.000E+00  1.000E+00  1.000E+00
  5.400E-03  5.400E-03  0.000E+00  0.000E+00  1.000E+00  1.000E+00
  5.760E-03  5.760E-03  0.000E+00  0.000E+00  1.000E+00  1.000E+00
  6.120E-03  6.120E-03  0.000E+00  0.000E+00  1.000E+00  1.000E+00
  6.480E-03  6.480E-03  0.000E+00  0.000E+00  1.000E+00  1.000E+00
  6.840E-03  6.840E-03  0.000E+00  0.000E+00  1.000E+00  1.000E+00
  7.200E-03  7.200E-03  0.000E+00  0.000E+00  1.000E+00  1.000E+00
  7.560E-03  7.560E-03  0.000E+00  0.000E+00  1.000E+00  1.000E+00
  7.920E-03  7.920E-03  0.000E+00  0.000E+00  1.000E+00  1.000E+00
  8.280E-03  8.280E-03  0.000E+00  0.000E+00  1.000E+00  1.000E+00
  8.640E-03  8.640E-03  0.000E+00  0.000E+00  1.000E+00  1.000E+00
  9.000E-03  9.000E-03  0.000E+00  0.000E+00  1.000E+00  1.000E+00
  9.360E-03  9.360E-03  0.000E+00  0.000E+00  1.000E+00  1.000E+00
  9.720E-03  9.720E-03  0.000E+00  0.000E+00  1.000E+00  1.000E+00
  1.008E-02  1.008E-02  0.000E+00  0.000E+00  1.000E+00  1.000E+00
  1.044E-02  1.044E-02  0.000E+00  0.000E+00  1.000E+00  1.000E+00
  1.080E-02  1.080E-02  0.000E+00  0.000E+00  1.000E+00  1.000E+00
  1.116E-02  1.116E-02  0.000E+00  0.000E+00  1.000E+00  1.000E+00
  1.152E-02  1.152E-02  0.000E+00  0.000E+00  1.000E+00  1.000E+00
  1.188E-02  1.188E-02  0.000E+00  0.000E+00  1.000E+00  1.000E+00
  1.224E-02  1.224E-02  0.000E+00  0.000E+00  1.000E+00  1.000E+00
  1.260E-02  1.260E-02  0.000E+00  0.000E+00  1.000E+00  1.000E+00
  1.296E-02  1.296E-02  0.000E+00  0.000E+00  1.000E+00  1.000E+00
  1.332E-02  1.332E-02  0.000E+00  0.000E+00  1.000E+00  1.000E+00
  1.368E-02  1.368E-02  0.000E+00  0.000E+00  1.000E+00  1.000E+00
  1.404E-02  1.404E-02  0.000E+00  0.000E+00  1.000E+00  1.000E+00
  1.440E-02  1.440E-02  0.000E+00  0.000E+00  1.000E+00  1.000E+00
  1.476E-02  1.476E-02  0.000E+00  0.000E+00  1.000E+00  1.000E+00
  1.512E-02  1.512E-02  0.000E+00  0.000E+00  1.000E+00  1.000E+00
  1.548E-02  1.548E-02  0.000E+00  0.000E+00  1.000E+00  1.000E+00
  1.584E-02  1.584E-02  0.000E+00  0.000E+00  1.000E+00  1.000E+00
  1.620E-02  1.620E-02  0.000E+00  0.000E+00  1.000E+00  1.000E+00
  1.656E-02  1.656E-02  0.000E+00  0.000E+00  1.000E+00  1.000E+00
  1.692E-02  1.692E-02  0.000E+00  0.000E+00  1.000E+00  1.000E+00
  1.728E-02  1.728E-02  0.000E+00  0.000E+00  1.000E+00  1.000E+00
  1.764E-02  1.764E-02  0.000E+00  0.000E+00  1.000E+00  1.000E+00
  1.800E-02  1.800E-02  0.000E+00  0.000E+00  1.000E+00  1.000E+00
  1.836E-02  1.836E-02  0.000E+00  0.000E+00  1.000E+00  1.000E+00
  1.872E-02  1.872E-02  0.000E+00  0.000E+00  1.000E+00  1.000E+00
  1.908E-02  1.908E-02  0.000E+00  0.000E+00  1.000E+00  1.000E+00
  1.944E-02  1.944E-02  0.000E+00  0.000E+00  1.000E+00  1.000E+00
  1.980E-02  1.980E-02  0.000E+00  0.000E+00  1.000E+00  1.000E+00
  2.016E-02  2.016E-02  0.000E+00  0.000E+00  1.000E+00  1.000E+00
  2.052E-02  2.052E-02  0.000E+00  0.000E+00  1.000E+00  1.000E+00
  2.088E-02  2.088E-02  0.000E+00  0.000E+00  1.000E+00  1.000E+00
  2.124E-02  2.124E-02  0.000E+00  0.000E+00  1.000E+00  1.000E+00
  2.160E-02  2.160E-02  0.000E+00  0.000E+00  1.000E+00  1.000E+00
  2.196E-02  2.196E-02  0.000E+00  0.000E+00  1.000E+00  1.000E+00
  2.232E-02  2.232E-02  0.000E+00  0.000E+00  1.000E+00  1.000E+00
  2.268E-02  2.268E-02  0.000E+00  0.000E+00  1.000E+00  1.000E+00
  2.304E-02  2.304E-02  0.000E+00  0.000E+00  1.000E+00  1.000E+00
  2.340E-02  2.340E-02  0.000E+00  0.000E+00  1.000E+00  1.000E+00
  2.376E-02  2.376E-02  0.000E+00  0.000E+00  1.000E+00  1.000E+00
  2.412E-02  2.412E-02  0.000E+00  0.000E+00  1.000E+00  1.000E+00
  2.448E-02  2.448E-02  0.000E+00  0.000E+00  1.000E+00  1.000E+00
  2.484E-02  2.484E-02  0.000E+00  0.000E+00  1.000E+00  1.000E+00
  2.520E-02  2.520E-02  0.000E+00  0.000E+00  1.000E+00  1.000E+00
  2.556E-02  2.556E-02  0.000E+00  0.000E+00  1.000E+00  1.000E+00
  2.592E-02  2.592E-02  0.000E+00  0.000E+00  1.000E+00  1.000E+00
  2.628E-02  2.628E-02  0.000E+00  0.000E+00  1.000E+00  1.000E+00
  2.664E-02  2.664E-02  0.000E+00  0.000E+00  1.000E+00  1.000E+00
  2.700E-02  2.700E-02  0.000E+00  0.000E+00  1.000E+00  1.000E+00
  2.736E-02  2.736E-02  0.000E+00  0.000E+00  1.000E+00  1.000E+00
  2.772E-02  2.772E-02  0.000E+00  0.000E+00  1.000E+00  1.000E+00
  2.808E-02  2.808E-02  0.000E+00  0.000E+00  1.000E+00  1.000E+00
  2.844E-02  2.844E-02  0.000E+00  0.000E+00  1.000E+00  1.000E+00
  2.880E-02  2.880E-02  0.000E+00  0.000E+00  1.000E+00  1.000E+00
  2.916E-02  2.916E-02  0.000E+00  0.000E+00  1.000E+00  1.000E+00
  2.952E-02  2.952E-02  0.000E+00  0.000E+00  1.000E+00  1.000E+00
  2.988E-02  2.988E-02  0.000E+00  0.000E+00  1.000E+00  1.000E+00
  3.024E-02  3.024E-02  0.000E+00  0.000E+00  1.000E+00  1.000E+00
  3.060E-02  3.060E-02  0.000E+00  0.000E+00  1.000E+00  1.000E+00
  3.096E-02  3.096E-02  0.000E+00  0.000E+00  1.000E+00  1.000E+00
  3.132E-02  3.132E-02  0.000E+00  0.000E+00  1.000E+00  1.000E+00
  3.168E-02  3.168E-02  0.000E+00  0.000E+00  1.000E+00  1.000E+00
  3.204E-02  3.204E-02  0.000E+00  0.000E+00  1.000E+00  1.000E+00
  3.240E-02  3.240E-02  0.000E+00  0.000E+00  1.000E+00  1.000E+00
  3.276E-02  3.276E-02  0.000E+00  0.000E+00  1.000E+00  1.000E+00
  3.312E-02  3.312E-02  0.000E+00  0.000E+00  1.000E+00  1.000E+00
  3.348E-02  3.348E-02  0.000E+00  0.000E+00  1.000E+00  1.000E+00
  3.384E-02  3.384E-02  0.000E+00  0.000E+00  1.000E+00  1.000E+00
  3.420E-02  3.420E-02  0.000E+00  0.000E+00  1.000E+00  1.000E+00
  3.456E-02  3.456E-02  0.000E+00  0.000E+00  1.000E+00  1.000E+00
  3.492E-02  3.492E-02  0.000E+00  0.000E+00  1.000E+00  1.000E+00
  3.528E-02  3.528E-02  0.000E+00  0.000E+00  1.000E+00  1.000E+00
  3.564E-02  3.564E-02  0.000E+00  0.000E+00  1.000E+00  1.000E+00
  3.600E-02  3.600E-02  0.000E+00  0.000E+00  1.000E+00  1.000E+00
  3.636E-02  3.636E-02  0.000E+00  0.000E+00  1.000E+00  1.000E+00
  3.672E-02  3.672E-02  0.000E+00  0.000E+00  1.000E+00  1.000E+00
  3.708E-02  3.708E-02  0.000E+00  0.000E+00  1.000E+00  1.000E+00
  3.744E-02  3.744E-02  0.000E+00  0.000E+00  1.000E+00  1.000E+00
  3.780E-02  3.780E-02  0.000E+00  0.000E+00  1.000E+00  1.000E+00
  3.816E-02  3.816E-02  0.000E+00  0.000E+00  1.000E+00  1.000E+00
  3.852E-02  3.852E-02  0.000E+00  0.000E+00  1.000E+00  1.000E+00
  3.888E-02  3.888E-02  0.000E+00  0.000E+00  1.000E+00  1.000E+00
  3.924E-02  3.924E-02  0.000E+00  0.000E+00  1.000E+00  1.000E+00
  3.960E-02  3.960E-02  0.000E+00  0.000E+00  1.000E+00  1.000E+00
  3.996E-02  3.996E-02  0.000E+00  0.000E+00  1.000E+00  1.000E+00
  4.032E-02  4.032E-02  0.000E+00  0.000E+00  1.000E+00  1.000E+00
  4.068E-02  4.068E-02  0.000E+00  0.000E+00  1.000E+00  1.000E+00
  4.104E-02  4.104E-02  0.000E+00  0.000E+00  1.000E+00  1.000E+00
  4.140E-02  4.140E-02  0.000E+00  0.000E+00  1.000E+00  1.000E+00
  4.176E-02  4.176E-02  0.000E+00  0.000E+00  1.000E+00  1.000E+00
  4.212E-02  4.212E-02  0.000E+00  0.000E+00  1.000E+00  1.000E+00
  4.248E-02  4.248E-02  0.000E+00  0.000E+00  1.000E+00  1.000E+00
  4.284E-02  4.284E-02  0.000E+00  0.000E+00  1.000E+00  1.000E+00
  4.320E-02  4.320E-02  0.000E+00  0.000E+00  1.000E+00  1.000E+00
  4.356E-02  4.356E-02  0.000E+00  0.000E+00  1.000E+00  1.000E+00
  4.392E-02  4.392E-02  0.000E+00  0.000E+00  1.000E+00  1.000E+00
  4.428E-02  4.428E-02  0.000E+00  0.000E+00  1.000E+00  1.000E+00
  4.464E-02  4.464E-02  0.000E+00  0.000E+00  1.000E+00  1.000E+00
  4.500E-02  4.500E-02  0.000E+00  0.000E+00  1.000E+00  1.000E+00
  4.536E-02  4.536E-02  0.000E+00  0.000E+00  1.000E+00  1.000E+00
  4.572E-02  4.572E-02  0.000E+00  0.000E+00  1.000E+00  1.000E+00
  4.608E-02  4.608E-02  0.000E+00  0.000E+00  1.000E+00  1.000E+00
  4.644E-02  4.644E-02  0.000E+00  0.000E+00  1.000E+00  1.000E+00
  4.680E-02  4.680E-02  0.000E+00  0.000E+00  1.000E+00  1.000E+00
  4.716E-02  4.716E-02  0.000E+00  0.000E+00  1.000E+00  1.000E+00
  4.752E-02  4.752E-02  0.000E+00  0.000E+00  1.000E+00  1.000E+00
  4.788E-02  4.788E-02  0.000E+00  0.000E+00  1.000E+00  1.000E+00
  4.824E-02  4.824E-02  0.000E+00  0.000E+00  1.000E+00  1.000E+00
  4.860E-02  4.860E-02  0.000E+00  0.000E+00  1.000E+00  1.000E+00
  4.896E-02  4.896E-02  0.000E+00  0.000E+00  1.000E+00  1.000E+00
  4.932E-02  4.932E-02  0.000E+00  0.000E+00  1.000E+00  1.000E+00
  4.968E-02  4.968E-02  0.000E+00  0.000E+00  1.000E+00  1.000E+00
  5.004E-02  5.004E-02  0.000E+00  0.000E+00  1.000E+00  1.000E+00
  5.040E-02  5.040E-02  0.000E+00  0.000E+00  1.000E+00  1.000E+00
  5.076E-02  5.076E-02  0.000E+00  0.000E+00  1.000E+00  1.000E+00
  5.112E-02  5.112E-02  0.000E+00  0.000E+00  1.000E+00  1.000E+00
  5.148E-02  5.148E-02  0.000E+00  0.000E+00  1.000E+00  1.000E+00
  5.184E-02  5.184E-02  0.000E+00  0.000E+00  1.000E+00  1.000E+00
  5.220E-02  5.220E-02  0.000E+00  0.000E+00  1.000E+00  1.000E+00
  5.256E-02  5.256E-02  0.000E+00  0.000E+00  1.000E+00  1.000E+00
  5.292E-02  5.292E-02  0.000E+00  0.000E+00  1.000E+00  1.000E+00
  5.328E-02  5.328E-02  0.000E+00  0.000E+00  1.000E+00  1.000E+00
  5.364E-02  5.364E-02  0.000E+00  0.000E+00  1.000E+00  1.000E+00
  5.400E-02  5.400E-02  0.000E+00  0.000E+00  1.000E+00  1.000E+00
  5.436E-02  5.436E-02  0.000E+00  0.000E+00  1.000E+00  1.000E+00
  5.472E-02  5.472E-02  0.000E+00  0.000E+00  1.000E+00  1.000E+00
  5.508E-02  5.508E-02  0.000E+00  0.000E+00  1.000E+00  1.000E+00
  5.544E-02  5.544E-02  0.000E+00  0.000E+00  1.000E+00  1.000E+00
  5.580E-02  5.580E-02  0.000E+00  0.000E+00  1.000E+00  1.000E+00
  5.616E-02  5.616E-02  0.000E+00  0.000E+00  1.000E+00  1.000E+00
  5.652E-02  5.652E-02  0.000E+00  0.000E+00  1.000E+00  1.000E+00
  5.688E-02  5.688E-02  0.000E+00  0.000E+00  1.000E+00  1.000E+00
  5.724E-02  5.724E-02  0.000E+00  0.000E+00  1.000E+00  1.000E+00
  5.760E-02  5.760E-02  0.000E+00  0.000E+00  1.000E+00  1.000E+00
  5.796E-02  5.796E-02  0.000E+00  0.000E+00  1.000E+00  1.000E+00
  5.832E-02  5.832E-02  0.000E+00  0.000E+00  1.000E+00  1.000E+00
  5.868E-02  5.868E-02  0.000E+00  0.000E+00  1.000E+00  1.000E+00
  5.904E-02  5.904E-02  0.000E+00  0.000E+00  1.000E+00  1.000E+00
  5.940E-02  5.940E-02  0.000E+00  0.000E+00  1.000E+00  1.000E+00
  5.976E-02  5.976E-02  0.000E+00  0.000E+00  1.000E+00  1.000E+00
  6.012E-02  6.012E-02  0.000E+00  0.000E+00  1.000E+00  1.000E+00
  6.048E-02  6.048E-02  0.000E+00  0.000E+00  1.000E+00  1.000E+00
  6.084E-02  6.084E-02  0.000E+00  0.000E+00  1.000E+00  1.000E+00
  6.120E-02  6.120E-02  0.000E+00  0.000E+00  1.000E+00  1.000E+00
  6.156E-02  6.156E-02  0.000E+00  0.000E+00  1.000E+00  1.000E+00
  6.192E-02  6.192E-02  0.000E+00  0.000E+00  1.000E+00  1.000E+00
  6.228E-02  6.228E-02  0.000E+00  0.000E+00  1.000E+00  1.000E+00
  6.264E-02  6.264E-02  0.000E+00  0.000E+00  1.000E+00  1.000E+00
  6.300E-02  6.300E-02  0.000E+00  0.000E+00  1.000E+00  1.000E+00
  6.336E-02  6.336E-02  0.000E+00  0.000E+00  1.000E+00  1.000E+00
  6.372E-02  6.372E-02  0.000E+00  0.000E+00  1.000E+00  1.000E+00
  6.408E-02  6.408E-02  0.000E+00  0.000E+00  1.000E+00  1.000E+00
  6.444E-02  6.444E-02  0.000E+00  0.000E+00  1.000E+00  1.000E+00
  6.480E-02  6.480E-02  0.000E+00  0.000E+00  1.000E+00  1.000E+00
  6.516E-02  6.516E-02  0.000E+00  0.000E+00  1.000E+00  1.000E+00
  6.552E-02  6.552E-02  0.000E+00  0.000E+00  1.000E+00  1.000E+00
  6.588E-02  6.588E-02  0.000E+00  0.000E+00  1.000E+00  1.000E+00
  6.624E-02  6.624E-02  0.000E+00  0.000E+00  1.000E+00  1.000E+00
  6.660E-02  6.660E-02  0.000E+00  0.000E+00  1.000E+00  1.000E+00
  6.696E-02  6.696E-02  0.000E+00  0.000E+00  1.000E+00  1.000E+00
  6.732E-02  6.732E-02  0.000E+00  0.000E+00  1.000E+00  1.000E+00
  6.768E-02  6.768E-02  0.000E+00  0.000E+00  1.000E+00  1.000E+00
  6.804E-02  6.804E-02  0.000E+00  0.000E+00  1.000E+00  1.000E+00
  6.840E-02  6.840E-02  0.000E+00  0.000E+00  1.000E+00  1.000E+00
  6.876E-02  6.876E-02  0.000E+00  0.000E+00  1.000E+00  1.000E+00
  6.912E-02  6.912E-02  0.000E+00  0.000E+00  1.000E+00  1.000E+00
  6.948E-02  6.948E-02  0.000E+00  0.000E+00  1.000E+00  1.000E+00
  6.984E-02  6.984E-02  0.000E+00  0.000E+00  1.000E+00  1.000E+00
  7.020E-02  7.020E-02  0.000E+00  0.000E+00  1.000E+00  1.000E+00
  7.056E-02  7.056E-02  0.000E+00  0.000E+00  1.000E+00  1.000E+00
  7.092E-02  7.092E-02  0.000E+00  0.000E+00  1.000E+00  1.000E+00
  7.128E-02  7.128E-02  0.000E+00  0.000E+00  1.000E+00  1.000E+00
  7.164E-02  7.164E-02  0.000E+00  0.000E+00  1.000E+00  1.000E+00
  7.200E-02  7.200E-02  0.000E+00  0.000E+00  1.000E+00  1.000E+00
