 # Detector n:            1   Angularhea
 # N. of x1 intervals         250
   0.000000      8.7266462E-04  0.2259497       1.953699    
  8.7266462E-04  1.7453292E-03  0.2264916      0.4608155    
  1.7453292E-03  2.6179939E-03  0.2263250      0.3612952    
  2.6179939E-03  3.4906585E-03  0.2248928      0.2515745    
  3.4906585E-03  4.3633231E-03  0.2247593      0.1791022    
  4.3633231E-03  5.2359877E-03  0.2236248      0.2373903    
  5.2359877E-03  6.1086523E-03  0.2231013      0.1959757    
  6.1086523E-03  6.9813170E-03  0.2209832      6.6149190E-02
  6.9813170E-03  7.8539811E-03  0.2202632      8.8044398E-02
  7.8539811E-03  8.7266462E-03  0.2184922      8.0634713E-02
  8.7266462E-03  9.5993113E-03  0.2170606      7.0874818E-02
  9.5993113E-03  1.0471975E-02  0.2152149      9.8933250E-02
  1.0471975E-02  1.1344640E-02  0.2128496      9.9306948E-02
  1.1344640E-02  1.2217305E-02  0.2102490      0.1875650    
  1.2217305E-02  1.3089970E-02  0.2082981      0.2033157    
  1.3089970E-02  1.3962634E-02  0.2060965      0.1220912    
  1.3962634E-02  1.4835298E-02  0.2032266      8.5666038E-02
  1.4835298E-02  1.5707962E-02  0.2006112      8.2561016E-02
  1.5707962E-02  1.6580628E-02  0.1977110      0.1147557    
  1.6580628E-02  1.7453292E-02  0.1947055      0.1367407    
  1.7453292E-02  1.8325957E-02  0.1913427      5.4923404E-02
  1.8325957E-02  1.9198623E-02  0.1880807      0.1079051    
  1.9198623E-02  2.0071287E-02  0.1853389      0.1024197    
  2.0071287E-02  2.0943951E-02  0.1815685      0.1066518    
  2.0943951E-02  2.1816615E-02  0.1786944      9.3703367E-02
  2.1816615E-02  2.2689279E-02  0.1748492      0.1003918    
  2.2689279E-02  2.3561945E-02  0.1714034      8.5414998E-02
  2.3561945E-02  2.4434609E-02  0.1680293      6.5688752E-02
  2.4434609E-02  2.5307273E-02  0.1640507      9.5804870E-02
  2.5307273E-02  2.6179940E-02  0.1605329      7.0190996E-02
  2.6179940E-02  2.7052604E-02  0.1566544      0.1084505    
  2.7052604E-02  2.7925268E-02  0.1529568      7.4104235E-02
  2.7925268E-02  2.8797932E-02  0.1492991      6.2012579E-02
  2.8797932E-02  2.9670596E-02  0.1452461      5.8836505E-02
  2.9670596E-02  3.0543262E-02  0.1418294      6.7606367E-02
  3.0543262E-02  3.1415924E-02  0.1379807      4.7002338E-02
  3.1415924E-02  3.2288592E-02  0.1339569      7.3281556E-02
  3.2288592E-02  3.3161256E-02  0.1303262      4.9318820E-02
  3.3161256E-02  3.4033921E-02  0.1264355      0.1302669    
  3.4033921E-02  3.4906585E-02  0.1229443      3.4755848E-02
  3.4906585E-02  3.5779249E-02  0.1190639      7.8930311E-02
  3.5779249E-02  3.6651913E-02  0.1154833      6.4467393E-02
  3.6651913E-02  3.7524577E-02  0.1116385      2.9887805E-02
  3.7524577E-02  3.8397245E-02  0.1082670      5.3243637E-02
  3.8397245E-02  3.9269909E-02  0.1046735      0.1369330    
  3.9269909E-02  4.0142573E-02  0.1013750      5.9829369E-02
  4.0142573E-02  4.1015238E-02  9.7719193E-02  9.3223393E-02
  4.1015238E-02  4.1887902E-02  9.4433777E-02  9.4615370E-02
  4.1887902E-02  4.2760566E-02  9.1166727E-02  6.3548788E-02
  4.2760566E-02  4.3633230E-02  8.7886557E-02  0.1326872    
  4.3633230E-02  4.4505894E-02  8.4623776E-02  0.1111267    
  4.4505894E-02  4.5378558E-02  8.1515215E-02  8.6291790E-02
  4.5378558E-02  4.6251226E-02  7.8379571E-02  8.4621929E-02
  4.6251226E-02  4.7123890E-02  7.5402625E-02  7.6210685E-02
  4.7123890E-02  4.7996555E-02  7.2513111E-02  2.0762691E-02
  4.7996555E-02  4.8869219E-02  6.9584563E-02  5.2472673E-02
  4.8869219E-02  4.9741883E-02  6.6954769E-02  0.1568756    
  4.9741883E-02  5.0614547E-02  6.4333148E-02  6.7963473E-02
  5.0614547E-02  5.1487211E-02  6.1608687E-02  7.8513563E-02
  5.1487211E-02  5.2359879E-02  5.9077580E-02  8.7013215E-02
  5.2359879E-02  5.3232543E-02  5.6698985E-02  7.4940152E-02
  5.3232543E-02  5.4105207E-02  5.4284144E-02  9.6632957E-02
  5.4105207E-02  5.4977871E-02  5.1991396E-02  0.1132038    
  5.4977871E-02  5.5850536E-02  4.9704101E-02  9.1478832E-02
  5.5850536E-02  5.6723200E-02  4.7536161E-02  7.9440787E-02
  5.6723200E-02  5.7595864E-02  4.5324162E-02  6.0660332E-02
  5.7595864E-02  5.8468528E-02  4.3478660E-02  4.5638833E-02
  5.8468528E-02  5.9341192E-02  4.1547559E-02  0.1000637    
  5.9341192E-02  6.0213860E-02  3.9613593E-02  0.1523151    
  6.0213860E-02  6.1086524E-02  3.7787803E-02  0.1246460    
  6.1086524E-02  6.1959188E-02  3.6142003E-02  0.1258762    
  6.1959188E-02  6.2831849E-02  3.4360323E-02  0.1054263    
  6.2831849E-02  6.3704520E-02  3.2814052E-02  0.1484366    
  6.3704520E-02  6.4577185E-02  3.1202277E-02  4.7476538E-02
  6.4577185E-02  6.5449849E-02  2.9794374E-02  0.1700605    
  6.5449849E-02  6.6322513E-02  2.8371777E-02  0.2001985    
  6.6322513E-02  6.7195177E-02  2.6943631E-02  0.1776493    
  6.7195177E-02  6.8067841E-02  2.5680522E-02  0.1827837    
  6.8067841E-02  6.8940505E-02  2.4425803E-02  5.7851639E-02
  6.8940505E-02  6.9813170E-02  2.3229018E-02  0.1755615    
  6.9813170E-02  7.0685834E-02  2.2095796E-02  0.1349356    
  7.0685834E-02  7.1558498E-02  2.1023313E-02  5.8869727E-02
  7.1558498E-02  7.2431162E-02  1.9907141E-02  0.1134547    
  7.2431162E-02  7.3303826E-02  1.8985454E-02  9.9767886E-02
  7.3303826E-02  7.4176490E-02  1.8052824E-02  8.8540830E-02
  7.4176490E-02  7.5049154E-02  1.7086115E-02  0.1915660    
  7.5049154E-02  7.5921819E-02  1.6284574E-02  0.1453318    
  7.5921819E-02  7.6794490E-02  1.5441599E-02  0.2061829    
  7.6794490E-02  7.7667154E-02  1.4664667E-02  0.1741441    
  7.7667154E-02  7.8539819E-02  1.3897441E-02  0.2733380    
  7.8539819E-02  7.9412483E-02  1.3197351E-02  0.1311002    
  7.9412483E-02  8.0285147E-02  1.2587375E-02  0.1219639    
  8.0285147E-02  8.1157811E-02  1.1868476E-02  0.2456716    
  8.1157811E-02  8.2030475E-02  1.1317455E-02  0.4101776    
  8.2030475E-02  8.2903139E-02  1.0747049E-02  0.2378094    
  8.2903139E-02  8.3775803E-02  1.0160526E-02  0.2095447    
  8.3775803E-02  8.4648468E-02  9.6938005E-03  0.1130491    
  8.4648468E-02  8.5521132E-02  9.1951517E-03  0.1710406    
  8.5521132E-02  8.6393796E-02  8.7242983E-03  0.1257931    
  8.6393796E-02  8.7266460E-02  8.2544228E-03  0.1858969    
  8.7266460E-02  8.8139124E-02  7.8676138E-03  0.1681772    
  8.8139124E-02  8.9011788E-02  7.4449829E-03  0.1659189    
  8.9011788E-02  8.9884453E-02  7.0647900E-03  0.1747875    
  8.9884453E-02  9.0757117E-02  6.7167752E-03  0.1433498    
  9.0757117E-02  9.1629788E-02  6.3786637E-03  0.2372470    
  9.1629788E-02  9.2502452E-02  6.0968678E-03  0.3158974    
  9.2502452E-02  9.3375117E-02  5.7677263E-03  0.4439339    
  9.3375117E-02  9.4247781E-02  5.4591051E-03  0.2850147    
  9.4247781E-02  9.5120445E-02  5.2072867E-03  0.2164075    
  9.5120445E-02  9.5993109E-02  4.9368162E-03  0.4196775    
  9.5993109E-02  9.6865773E-02  4.6704430E-03  0.1149385    
  9.6865773E-02  9.7738437E-02  4.4382573E-03  0.2657602    
  9.7738437E-02  9.8611102E-02  4.2349151E-03  0.4037879    
  9.8611102E-02  9.9483766E-02  4.0324563E-03  0.5486406    
  9.9483766E-02  0.1003564      3.8200982E-03  0.1735831    
  0.1003564      0.1012291      3.6681590E-03  0.5179572    
  0.1012291      0.1021018      3.4603723E-03  0.4213395    
  0.1021018      0.1029744      3.3074077E-03  0.2103486    
  0.1029744      0.1038471      3.1422463E-03  0.3548418    
  0.1038471      0.1047198      3.0059153E-03  0.2257689    
  0.1047198      0.1055924      2.8797756E-03  0.3307210    
  0.1055924      0.1064651      2.7265421E-03  0.3852693    
  0.1064651      0.1073378      2.6073232E-03  0.3358886    
  0.1073378      0.1082104      2.4901850E-03  0.3352514    
  0.1082104      0.1090831      2.3685906E-03  0.2832033    
  0.1090831      0.1099557      2.2620880E-03  0.3743411    
  0.1099557      0.1108284      2.1594767E-03  0.4571692    
  0.1108284      0.1117011      2.0670400E-03  0.5467447    
  0.1117011      0.1125737      1.9839143E-03  0.4280993    
  0.1125737      0.1134464      1.8806973E-03  0.4644092    
  0.1134464      0.1143191      1.7996505E-03  0.2589775    
  0.1143191      0.1151917      1.7315532E-03  0.6875913    
  0.1151917      0.1160644      1.6525150E-03  0.3701401    
  0.1160644      0.1169371      1.5883025E-03  0.5033305    
  0.1169371      0.1178097      1.5209810E-03  0.5445665    
  0.1178097      0.1186824      1.4578331E-03  0.3163318    
  0.1186824      0.1195551      1.4063792E-03  0.3729467    
  0.1195551      0.1204277      1.3403666E-03  0.2784427    
  0.1204277      0.1213004      1.2927118E-03  0.9097371    
  0.1213004      0.1221730      1.2320186E-03  0.5391539    
  0.1221730      0.1230457      1.1869706E-03  0.3564925    
  0.1230457      0.1239184      1.1425407E-03  0.5210919    
  0.1239184      0.1247910      1.0803895E-03  0.1871061    
  0.1247910      0.1256637      1.0465975E-03  0.2251673    
  0.1256637      0.1265364      1.0106419E-03  0.5060158    
  0.1265364      0.1274090      9.7395445E-04  0.5739364    
  0.1274090      0.1282817      9.3322166E-04  0.2976359    
  0.1282817      0.1291544      9.0544869E-04  0.5137183    
  0.1291544      0.1300270      8.7072788E-04  0.4739841    
  0.1300270      0.1308997      8.2860806E-04  0.7513413    
  0.1308997      0.1317724      7.9674280E-04  0.4518698    
  0.1317724      0.1326450      7.7649002E-04  0.3803066    
  0.1326450      0.1335177      7.3977088E-04  0.2917512    
  0.1335177      0.1343904      7.2915899E-04  0.3542275    
  0.1343904      0.1352630      6.9507619E-04  0.5147050    
  0.1352630      0.1361357      6.6843478E-04  0.5378293    
  0.1361357      0.1370083      6.3714193E-04  0.6642620    
  0.1370083      0.1378810      6.2294130E-04  0.5951862    
  0.1378810      0.1387537      6.0577138E-04  0.7142013    
  0.1387537      0.1396263      5.8544293E-04  0.3084038    
  0.1396263      0.1404990      5.6977180E-04  0.5658503    
  0.1404990      0.1413717      5.4915436E-04  0.8016603    
  0.1413717      0.1422443      5.3400069E-04  0.5329878    
  0.1422443      0.1431170      5.0958141E-04  0.8210655    
  0.1431170      0.1439897      4.9322884E-04   1.034185    
  0.1439897      0.1448623      4.8412988E-04  0.5651209    
  0.1448623      0.1457350      4.6788939E-04  0.6311231    
  0.1457350      0.1466077      4.5307085E-04  0.5131074    
  0.1466077      0.1474803      4.3811515E-04  0.4567201    
  0.1474803      0.1483530      4.2443865E-04  0.4293578    
  0.1483530      0.1492257      4.1225390E-04   1.162420    
  0.1492257      0.1500983      3.9543898E-04  0.7975180    
  0.1500983      0.1509710      3.9124006E-04  0.6253257    
  0.1509710      0.1518436      3.7872460E-04  0.8529193    
  0.1518436      0.1527163      3.6483404E-04  0.3370025    
  0.1527163      0.1535890      3.5534854E-04  0.6772470    
  0.1535890      0.1544616      3.4626448E-04  0.5709409    
  0.1544616      0.1553343      3.3617276E-04  0.2458615    
  0.1553343      0.1562070      3.2192649E-04  0.5859861    
  0.1562070      0.1570796      3.1501852E-04  0.6230931    
  0.1570796      0.1579523      3.0843652E-04  0.7014212    
  0.1579523      0.1588250      2.9879514E-04  0.9183360    
  0.1588250      0.1596976      2.9364959E-04  0.5327073    
  0.1596976      0.1605703      2.8146143E-04  0.9193188    
  0.1605703      0.1614430      2.7362694E-04   1.286295    
  0.1614430      0.1623156      2.6832553E-04   1.482926    
  0.1623156      0.1631883      2.6013554E-04  0.8415658    
  0.1631883      0.1640610      2.5601641E-04  0.9657308    
  0.1640610      0.1649336      2.4673413E-04   1.080871    
  0.1649336      0.1658063      2.4173420E-04  0.3195950    
  0.1658063      0.1666789      2.3259874E-04   1.061548    
  0.1666789      0.1675516      2.2656407E-04   1.367715    
  0.1675516      0.1684243      2.2300282E-04  0.5051775    
  0.1684243      0.1692969      2.1558994E-04   1.335034    
  0.1692969      0.1701696      2.1010423E-04  0.9528304    
  0.1701696      0.1710423      2.0526497E-04   1.528013    
  0.1710423      0.1719149      2.0379458E-04  0.8335306    
  0.1719149      0.1727876      1.9612566E-04  0.8470064    
  0.1727876      0.1736603      1.9173481E-04   1.063381    
  0.1736603      0.1745329      1.8473851E-04   1.712453    
  0.1745329      0.1754056      1.8181298E-04   1.370026    
  0.1754056      0.1762782      1.7263749E-04   1.396152    
  0.1762782      0.1771509      1.7287220E-04   1.256823    
  0.1771509      0.1780236      1.7081181E-04  0.5668353    
  0.1780236      0.1788962      1.6622782E-04  0.8874078    
  0.1788962      0.1797689      1.6120859E-04  0.9348519    
  0.1797689      0.1806416      1.6095767E-04   1.402868    
  0.1806416      0.1815142      1.5284597E-04   1.403906    
  0.1815142      0.1823869      1.5152409E-04   1.026432    
  0.1823869      0.1832596      1.4814564E-04   1.611501    
  0.1832596      0.1841322      1.4261389E-04  0.2762686    
  0.1841322      0.1850049      1.4209324E-04   1.158567    
  0.1850049      0.1858776      1.3459945E-04   1.431382    
  0.1858776      0.1867502      1.3723328E-04  0.7604761    
  0.1867502      0.1876229      1.3488159E-04  0.9569626    
  0.1876229      0.1884956      1.3379969E-04  0.6739359    
  0.1884956      0.1893682      1.2720216E-04   1.078680    
  0.1893682      0.1902409      1.2457150E-04   1.006691    
  0.1902409      0.1911135      1.2394812E-04   1.266932    
  0.1911135      0.1919862      1.1889316E-04   1.326687    
  0.1919862      0.1928589      1.2048225E-04   1.298774    
  0.1928589      0.1937315      1.1228610E-04   1.304830    
  0.1937315      0.1946042      1.1333122E-04  0.5237765    
  0.1946042      0.1954769      1.0769909E-04   1.239521    
  0.1954769      0.1963495      1.0404927E-04   1.242724    
  0.1963495      0.1972222      1.0616585E-04   1.364048    
  0.1972222      0.1980949      1.0145088E-04   1.220799    
  0.1980949      0.1989675      1.0142756E-04   1.026822    
  0.1989675      0.1998402      9.9371508E-05   1.035946    
  0.1998402      0.2007129      9.7221833E-05   2.149946    
  0.2007129      0.2015855      9.5241863E-05   1.361835    
  0.2015855      0.2024582      9.5485862E-05   1.040018    
  0.2024582      0.2033309      9.1384711E-05  0.9487415    
  0.2033309      0.2042035      8.9799811E-05   1.168185    
  0.2042035      0.2050762      8.4434665E-05   1.111875    
  0.2050762      0.2059488      8.4482737E-05   1.298701    
  0.2059488      0.2068215      8.4022067E-05   1.218081    
  0.2068215      0.2076942      8.2984494E-05   1.131817    
  0.2076942      0.2085668      8.0875056E-05   1.641823    
  0.2085668      0.2094395      7.9773061E-05   1.479296    
  0.2094395      0.2103122      7.7422141E-05   2.166724    
  0.2103122      0.2111848      7.6058772E-05   1.216580    
  0.2111848      0.2120575      7.3990363E-05   1.770267    
  0.2120575      0.2129302      7.3532552E-05   1.581244    
  0.2129302      0.2138028      7.2973235E-05   1.313775    
  0.2138028      0.2146755      7.1419818E-05  0.8280646    
  0.2146755      0.2155482      6.9493988E-05   1.010755    
  0.2155482      0.2164208      6.8346919E-05   2.178780    
  0.2164208      0.2172935      6.8407157E-05   1.509202    
  0.2172935      0.2181662      6.7878442E-05  0.7950648    
